public/cloud_functions/intermediates/manifest_merge_blame_file/debug/manifest-merger-blame-debug-report.txt
1<?xml version="1.0" encoding="utf-8"?>
2<manifest xmlns:android="http://schemas.android.com/apk/res/android"
3    xmlns:tools="http://schemas.android.com/tools"
4    package="io.flutter.plugins.firebase.functions" >
5
6    <uses-sdk
7        android:minSdkVersion="16"
8        android:targetSdkVersion="16" />
9
10    <application
10-->src\main\AndroidManifest.xml:3:5-8:19
11        android:usesCleartextTraffic="true"
11-->src\debug\AndroidManifest.xml:5:16-51
12        tools:ignore="UnusedAttribute" >
12-->src\debug\AndroidManifest.xml:6:5-35
13        <service android:name="com.google.firebase.components.ComponentDiscoveryService" >
13-->src\main\AndroidManifest.xml:4:9-7:19
13-->src\main\AndroidManifest.xml:4:18-89
14            <meta-data
14-->src\main\AndroidManifest.xml:5:13-6:92
15                android:name="com.google.firebase.components:io.flutter.plugins.firebase.functions.FlutterFirebaseAppRegistrar"
15-->src\main\AndroidManifest.xml:5:24-135
16                android:value="com.google.firebase.components.ComponentRegistrar" />
16-->src\main\AndroidManifest.xml:6:24-89
17        </service>
18    </application>
19
20</manifest>